<?xml version="1.0" encoding="UTF-8"?>
<!-- Generated by org.testng.reporters.JUnitReportReporter -->
<testsuite skipped="0" hostname="DESKTOP-DVPNDS7" name="HomePageTest" tests="1" failures="0" timestamp="2021-01-28T15:44:34 CET" time="70.112" errors="0">
  <testcase name="szukajHotelu" time="70.112" classname="HomePageTest"/>
  <system-out/>
</testsuite> <!-- HomePageTest -->
